Determining if the pthread_create exist failed with the following output:
Change Dir: /home/dank-engine/Desktop/FYP_code/sim_ws/build/CMakeFiles/CMakeTmp

Run Build Command:"/usr/bin/make" "cmTC_7744f/fast"
/usr/bin/make -f CMakeFiles/cmTC_7744f.dir/build.make CMakeFiles/cmTC_7744f.dir/build
make[1]: Entering directory '/home/dank-engine/Desktop/FYP_code/sim_ws/build/CMakeFiles/CMakeTmp'
Building C object CMakeFiles/cmTC_7744f.dir/CheckSymbolExists.c.o
/usr/bin/cc     -o CMakeFiles/cmTC_7744f.dir/CheckSymbolExists.c.o   -c /home/dank-engine/Desktop/FYP_code/sim_ws/build/CMakeFiles/CMakeTmp/CheckSymbolExists.c
Linking C executable cmTC_7744f
/usr/bin/cmake -E cmake_link_script CMakeFiles/cmTC_7744f.dir/link.txt --verbose=1
/usr/bin/cc       CMakeFiles/cmTC_7744f.dir/CheckSymbolExists.c.o  -o cmTC_7744f -rdynamic 
CMakeFiles/cmTC_7744f.dir/CheckSymbolExists.c.o: In function `main':
CheckSymbolExists.c:(.text+0x16): undefined reference to `pthread_create'
collect2: error: ld returned 1 exit status
CMakeFiles/cmTC_7744f.dir/build.make:97: recipe for target 'cmTC_7744f' failed
make[1]: *** [cmTC_7744f] Error 1
make[1]: Leaving directory '/home/dank-engine/Desktop/FYP_code/sim_ws/build/CMakeFiles/CMakeTmp'
Makefile:126: recipe for target 'cmTC_7744f/fast' failed
make: *** [cmTC_7744f/fast] Error 2

File /home/dank-engine/Desktop/FYP_code/sim_ws/build/CMakeFiles/CMakeTmp/CheckSymbolExists.c:
/* */
#include <pthread.h>

int main(int argc, char** argv)
{
  (void)argv;
#ifndef pthread_create
  return ((int*)(&pthread_create))[argc];
#else
  (void)argc;
  return 0;
#endif
}

Determining if the function pthread_create exists in the pthreads failed with the following output:
Change Dir: /home/dank-engine/Desktop/FYP_code/sim_ws/build/CMakeFiles/CMakeTmp

Run Build Command:"/usr/bin/make" "cmTC_e8e76/fast"
/usr/bin/make -f CMakeFiles/cmTC_e8e76.dir/build.make CMakeFiles/cmTC_e8e76.dir/build
make[1]: Entering directory '/home/dank-engine/Desktop/FYP_code/sim_ws/build/CMakeFiles/CMakeTmp'
Building C object CMakeFiles/cmTC_e8e76.dir/CheckFunctionExists.c.o
/usr/bin/cc    -DCHECK_FUNCTION_EXISTS=pthread_create   -o CMakeFiles/cmTC_e8e76.dir/CheckFunctionExists.c.o   -c /usr/share/cmake-3.5/Modules/CheckFunctionExists.c
Linking C executable cmTC_e8e76
/usr/bin/cmake -E cmake_link_script CMakeFiles/cmTC_e8e76.dir/link.txt --verbose=1
/usr/bin/cc   -DCHECK_FUNCTION_EXISTS=pthread_create    CMakeFiles/cmTC_e8e76.dir/CheckFunctionExists.c.o  -o cmTC_e8e76 -rdynamic -lpthreads 
/usr/bin/ld: cannot find -lpthreads
collect2: error: ld returned 1 exit status
CMakeFiles/cmTC_e8e76.dir/build.make:97: recipe for target 'cmTC_e8e76' failed
make[1]: *** [cmTC_e8e76] Error 1
make[1]: Leaving directory '/home/dank-engine/Desktop/FYP_code/sim_ws/build/CMakeFiles/CMakeTmp'
Makefile:126: recipe for target 'cmTC_e8e76/fast' failed
make: *** [cmTC_e8e76/fast] Error 2


